2018-11-29 13:50:52,295 WARN  [DefaultSoapUICore] Missing folder [C:\Users\user\ext] for external libraries
2018-11-29 13:50:54,915 WARN  [DefaultSoapUICore] Failed to load settings from [C:\Users\user\soapui-settings.xml:1:1: error: Illegal XML character: 0x0
org.apache.xmlbeans.impl.piccolo.io.IllegalCharException: Illegal XML character: 0x0
	at org.apache.xmlbeans.impl.piccolo.xml.UTF8XMLDecoder.decode(UTF8XMLDecoder.java:196)
	at org.apache.xmlbeans.impl.piccolo.xml.XMLStreamReader$FastStreamDecoder.read(XMLStreamReader.java:762)
	at org.apache.xmlbeans.impl.piccolo.xml.XMLStreamReader.read(XMLStreamReader.java:162)
	at org.apache.xmlbeans.impl.piccolo.xml.PiccoloLexer.yy_refill(PiccoloLexer.java:3474)
	at org.apache.xmlbeans.impl.piccolo.xml.PiccoloLexer.yylex(PiccoloLexer.java:3958)
	at org.apache.xmlbeans.impl.piccolo.xml.Piccolo.yylex(Piccolo.java:1290)
	at org.apache.xmlbeans.impl.piccolo.xml.Piccolo.yyparse(Piccolo.java:1400)
	at org.apache.xmlbeans.impl.piccolo.xml.Piccolo.parse(Piccolo.java:714)
	at org.apache.xmlbeans.impl.store.Locale$SaxLoader.load(Locale.java:3454)
	at org.apache.xmlbeans.impl.store.Locale.parseToXmlObject(Locale.java:1276)
	at org.apache.xmlbeans.impl.store.Locale.parseToXmlObject(Locale.java:1263)
	at org.apache.xmlbeans.impl.schema.SchemaTypeLoaderBase.parse(SchemaTypeLoaderBase.java:345)
	at org.apache.xmlbeans.impl.schema.SchemaTypeLoaderBase.parse(SchemaTypeLoaderBase.java:252)
	at com.eviware.soapui.config.SoapuiSettingsDocumentConfig$Factory.parse(Unknown Source)
	at com.eviware.soapui.DefaultSoapUICore.initSettings(DefaultSoapUICore.java:190)
	at com.eviware.soapui.SwingSoapUICore.initSettings(SwingSoapUICore.java:105)
	at com.eviware.soapui.DefaultSoapUICore.init(DefaultSoapUICore.java:126)
	at com.eviware.soapui.DefaultSoapUICore.<init>(DefaultSoapUICore.java:109)
	at com.eviware.soapui.SwingSoapUICore.<init>(SwingSoapUICore.java:50)
	at com.eviware.soapui.SwingPluginSoapUICore.<init>(SwingPluginSoapUICore.java:29)
	at com.eviware.soapui.SwingPluginSoapUICore.<init>(SwingPluginSoapUICore.java:19)
	at com.eviware.soapui.intellij.plugin.SoapUIPlugin$2.<init>(SoapUIPlugin.java:196)
	at com.eviware.soapui.intellij.plugin.SoapUIPlugin.initSoapUICore(SoapUIPlugin.java:196)
	at com.eviware.soapui.intellij.plugin.SoapUIPlugin.initComponent(SoapUIPlugin.java:157)
	at com.intellij.openapi.components.impl.ComponentManagerImpl$ComponentConfigComponentAdapter.getComponentInstance(ComponentManagerImpl.java:485)
	at com.intellij.openapi.components.impl.ComponentManagerImpl.createComponents(ComponentManagerImpl.java:104)
	at com.intellij.openapi.components.impl.ComponentManagerImpl.init(ComponentManagerImpl.java:88)
	at com.intellij.openapi.project.impl.ProjectImpl.init(ProjectImpl.java:264)
	at com.intellij.openapi.project.impl.ProjectManagerImpl.initProject(ProjectManagerImpl.java:285)
	at com.intellij.openapi.project.impl.ProjectManagerImpl.loadProjectWithProgress(ProjectManagerImpl.java:549)
	at com.intellij.openapi.project.impl.ProjectManagerImpl.access$200(ProjectManagerImpl.java:60)
	at com.intellij.openapi.project.impl.ProjectManagerImpl$2.compute(ProjectManagerImpl.java:495)
	at com.intellij.openapi.project.impl.ProjectManagerImpl$2.compute(ProjectManagerImpl.java:492)
	at com.intellij.openapi.progress.Task$WithResult.run(Task.java:320)
	at com.intellij.openapi.progress.impl.CoreProgressManager$TaskRunnable.run(CoreProgressManager.java:727)
	at com.intellij.openapi.progress.impl.CoreProgressManager$5.run(CoreProgressManager.java:442)
	at com.intellij.openapi.progress.impl.CoreProgressManager.lambda$runProcess$2(CoreProgressManager.java:164)
	at com.intellij.openapi.progress.impl.CoreProgressManager.registerIndicatorAndRun(CoreProgressManager.java:582)
	at com.intellij.openapi.progress.impl.CoreProgressManager.executeProcessUnderProgress(CoreProgressManager.java:532)
	at com.intellij.openapi.progress.impl.ProgressManagerImpl.executeProcessUnderProgress(ProgressManagerImpl.java:87)
	at com.intellij.openapi.progress.impl.CoreProgressManager.runProcess(CoreProgressManager.java:151)
	at com.intellij.openapi.application.impl.ApplicationImpl.lambda$null$10(ApplicationImpl.java:592)
	at com.intellij.openapi.application.impl.ApplicationImpl$1.run(ApplicationImpl.java:314)
	at java.util.concurrent.Executors$RunnableAdapter.call(Executors.java:511)
	at java.util.concurrent.FutureTask.run(FutureTask.java:266)
	at java.util.concurrent.ThreadPoolExecutor.runWorker(ThreadPoolExecutor.java:1142)
	at java.util.concurrent.ThreadPoolExecutor$Worker.run(ThreadPoolExecutor.java:617)
	at java.lang.Thread.run(Thread.java:745)
], creating new
2018-11-29 13:50:57,521 INFO  [WorkspaceImpl] Loading workspace from [C:\Users\user\intellij-soapui-workspace.xml]
2018-11-29 13:50:57,541 ERROR [SoapUI] An error occured [org.apache.xmlbeans.XmlException: C:\Users\user\intellij-soapui-workspace.xml:1:1: error: Illegal XML character: 0x0
org.apache.xmlbeans.impl.piccolo.io.IllegalCharException: Illegal XML character: 0x0
	at org.apache.xmlbeans.impl.piccolo.xml.UTF8XMLDecoder.decode(UTF8XMLDecoder.java:196)
	at org.apache.xmlbeans.impl.piccolo.xml.XMLStreamReader$FastStreamDecoder.read(XMLStreamReader.java:762)
	at org.apache.xmlbeans.impl.piccolo.xml.XMLStreamReader.read(XMLStreamReader.java:162)
	at org.apache.xmlbeans.impl.piccolo.xml.PiccoloLexer.yy_refill(PiccoloLexer.java:3474)
	at org.apache.xmlbeans.impl.piccolo.xml.PiccoloLexer.yylex(PiccoloLexer.java:3958)
	at org.apache.xmlbeans.impl.piccolo.xml.Piccolo.yylex(Piccolo.java:1290)
	at org.apache.xmlbeans.impl.piccolo.xml.Piccolo.yyparse(Piccolo.java:1400)
	at org.apache.xmlbeans.impl.piccolo.xml.Piccolo.parse(Piccolo.java:714)
	at org.apache.xmlbeans.impl.store.Locale$SaxLoader.load(Locale.java:3454)
	at org.apache.xmlbeans.impl.store.Locale.parseToXmlObject(Locale.java:1276)
	at org.apache.xmlbeans.impl.store.Locale.parseToXmlObject(Locale.java:1263)
	at org.apache.xmlbeans.impl.schema.SchemaTypeLoaderBase.parse(SchemaTypeLoaderBase.java:345)
	at org.apache.xmlbeans.impl.schema.SchemaTypeLoaderBase.parse(SchemaTypeLoaderBase.java:252)
	at com.eviware.soapui.config.SoapuiWorkspaceDocumentConfig$Factory.parse(Unknown Source)
	at com.eviware.soapui.impl.WorkspaceImpl.loadWorkspace(WorkspaceImpl.java:153)
	at com.eviware.soapui.impl.WorkspaceImpl.<init>(WorkspaceImpl.java:87)
	at com.eviware.soapui.impl.WorkspaceFactoryImpl.openWorkspace(WorkspaceFactoryImpl.java:32)
	at com.eviware.soapui.intellij.plugin.SoapUIPlugin.initWorkspace(SoapUIPlugin.java:183)
	at com.eviware.soapui.intellij.plugin.SoapUIPlugin.initComponent(SoapUIPlugin.java:161)
	at com.intellij.openapi.components.impl.ComponentManagerImpl$ComponentConfigComponentAdapter.getComponentInstance(ComponentManagerImpl.java:485)
	at com.intellij.openapi.components.impl.ComponentManagerImpl.createComponents(ComponentManagerImpl.java:104)
	at com.intellij.openapi.components.impl.ComponentManagerImpl.init(ComponentManagerImpl.java:88)
	at com.intellij.openapi.project.impl.ProjectImpl.init(ProjectImpl.java:264)
	at com.intellij.openapi.project.impl.ProjectManagerImpl.initProject(ProjectManagerImpl.java:285)
	at com.intellij.openapi.project.impl.ProjectManagerImpl.loadProjectWithProgress(ProjectManagerImpl.java:549)
	at com.intellij.openapi.project.impl.ProjectManagerImpl.access$200(ProjectManagerImpl.java:60)
	at com.intellij.openapi.project.impl.ProjectManagerImpl$2.compute(ProjectManagerImpl.java:495)
	at com.intellij.openapi.project.impl.ProjectManagerImpl$2.compute(ProjectManagerImpl.java:492)
	at com.intellij.openapi.progress.Task$WithResult.run(Task.java:320)
	at com.intellij.openapi.progress.impl.CoreProgressManager$TaskRunnable.run(CoreProgressManager.java:727)
	at com.intellij.openapi.progress.impl.CoreProgressManager$5.run(CoreProgressManager.java:442)
	at com.intellij.openapi.progress.impl.CoreProgressManager.lambda$runProcess$2(CoreProgressManager.java:164)
	at com.intellij.openapi.progress.impl.CoreProgressManager.registerIndicatorAndRun(CoreProgressManager.java:582)
	at com.intellij.openapi.progress.impl.CoreProgressManager.executeProcessUnderProgress(CoreProgressManager.java:532)
	at com.intellij.openapi.progress.impl.ProgressManagerImpl.executeProcessUnderProgress(ProgressManagerImpl.java:87)
	at com.intellij.openapi.progress.impl.CoreProgressManager.runProcess(CoreProgressManager.java:151)
	at com.intellij.openapi.application.impl.ApplicationImpl.lambda$null$10(ApplicationImpl.java:592)
	at com.intellij.openapi.application.impl.ApplicationImpl$1.run(ApplicationImpl.java:314)
	at java.util.concurrent.Executors$RunnableAdapter.call(Executors.java:511)
	at java.util.concurrent.FutureTask.run(FutureTask.java:266)
	at java.util.concurrent.ThreadPoolExecutor.runWorker(ThreadPoolExecutor.java:1142)
	at java.util.concurrent.ThreadPoolExecutor$Worker.run(ThreadPoolExecutor.java:617)
	at java.lang.Thread.run(Thread.java:745)
], see error log for details
2018-11-29 13:50:57,555 ERROR [errorlog] com.eviware.soapui.support.SoapUIException: org.apache.xmlbeans.XmlException: C:\Users\user\intellij-soapui-workspace.xml:1:1: error: Illegal XML character: 0x0
org.apache.xmlbeans.impl.piccolo.io.IllegalCharException: Illegal XML character: 0x0
	at org.apache.xmlbeans.impl.piccolo.xml.UTF8XMLDecoder.decode(UTF8XMLDecoder.java:196)
	at org.apache.xmlbeans.impl.piccolo.xml.XMLStreamReader$FastStreamDecoder.read(XMLStreamReader.java:762)
	at org.apache.xmlbeans.impl.piccolo.xml.XMLStreamReader.read(XMLStreamReader.java:162)
	at org.apache.xmlbeans.impl.piccolo.xml.PiccoloLexer.yy_refill(PiccoloLexer.java:3474)
	at org.apache.xmlbeans.impl.piccolo.xml.PiccoloLexer.yylex(PiccoloLexer.java:3958)
	at org.apache.xmlbeans.impl.piccolo.xml.Piccolo.yylex(Piccolo.java:1290)
	at org.apache.xmlbeans.impl.piccolo.xml.Piccolo.yyparse(Piccolo.java:1400)
	at org.apache.xmlbeans.impl.piccolo.xml.Piccolo.parse(Piccolo.java:714)
	at org.apache.xmlbeans.impl.store.Locale$SaxLoader.load(Locale.java:3454)
	at org.apache.xmlbeans.impl.store.Locale.parseToXmlObject(Locale.java:1276)
	at org.apache.xmlbeans.impl.store.Locale.parseToXmlObject(Locale.java:1263)
	at org.apache.xmlbeans.impl.schema.SchemaTypeLoaderBase.parse(SchemaTypeLoaderBase.java:345)
	at org.apache.xmlbeans.impl.schema.SchemaTypeLoaderBase.parse(SchemaTypeLoaderBase.java:252)
	at com.eviware.soapui.config.SoapuiWorkspaceDocumentConfig$Factory.parse(Unknown Source)
	at com.eviware.soapui.impl.WorkspaceImpl.loadWorkspace(WorkspaceImpl.java:153)
	at com.eviware.soapui.impl.WorkspaceImpl.<init>(WorkspaceImpl.java:87)
	at com.eviware.soapui.impl.WorkspaceFactoryImpl.openWorkspace(WorkspaceFactoryImpl.java:32)
	at com.eviware.soapui.intellij.plugin.SoapUIPlugin.initWorkspace(SoapUIPlugin.java:183)
	at com.eviware.soapui.intellij.plugin.SoapUIPlugin.initComponent(SoapUIPlugin.java:161)
	at com.intellij.openapi.components.impl.ComponentManagerImpl$ComponentConfigComponentAdapter.getComponentInstance(ComponentManagerImpl.java:485)
	at com.intellij.openapi.components.impl.ComponentManagerImpl.createComponents(ComponentManagerImpl.java:104)
	at com.intellij.openapi.components.impl.ComponentManagerImpl.init(ComponentManagerImpl.java:88)
	at com.intellij.openapi.project.impl.ProjectImpl.init(ProjectImpl.java:264)
	at com.intellij.openapi.project.impl.ProjectManagerImpl.initProject(ProjectManagerImpl.java:285)
	at com.intellij.openapi.project.impl.ProjectManagerImpl.loadProjectWithProgress(ProjectManagerImpl.java:549)
	at com.intellij.openapi.project.impl.ProjectManagerImpl.access$200(ProjectManagerImpl.java:60)
	at com.intellij.openapi.project.impl.ProjectManagerImpl$2.compute(ProjectManagerImpl.java:495)
	at com.intellij.openapi.project.impl.ProjectManagerImpl$2.compute(ProjectManagerImpl.java:492)
	at com.intellij.openapi.progress.Task$WithResult.run(Task.java:320)
	at com.intellij.openapi.progress.impl.CoreProgressManager$TaskRunnable.run(CoreProgressManager.java:727)
	at com.intellij.openapi.progress.impl.CoreProgressManager$5.run(CoreProgressManager.java:442)
	at com.intellij.openapi.progress.impl.CoreProgressManager.lambda$runProcess$2(CoreProgressManager.java:164)
	at com.intellij.openapi.progress.impl.CoreProgressManager.registerIndicatorAndRun(CoreProgressManager.java:582)
	at com.intellij.openapi.progress.impl.CoreProgressManager.executeProcessUnderProgress(CoreProgressManager.java:532)
	at com.intellij.openapi.progress.impl.ProgressManagerImpl.executeProcessUnderProgress(ProgressManagerImpl.java:87)
	at com.intellij.openapi.progress.impl.CoreProgressManager.runProcess(CoreProgressManager.java:151)
	at com.intellij.openapi.application.impl.ApplicationImpl.lambda$null$10(ApplicationImpl.java:592)
	at com.intellij.openapi.application.impl.ApplicationImpl$1.run(ApplicationImpl.java:314)
	at java.util.concurrent.Executors$RunnableAdapter.call(Executors.java:511)
	at java.util.concurrent.FutureTask.run(FutureTask.java:266)
	at java.util.concurrent.ThreadPoolExecutor.runWorker(ThreadPoolExecutor.java:1142)
	at java.util.concurrent.ThreadPoolExecutor$Worker.run(ThreadPoolExecutor.java:617)
	at java.lang.Thread.run(Thread.java:745)

com.eviware.soapui.support.SoapUIException: org.apache.xmlbeans.XmlException: C:\Users\user\intellij-soapui-workspace.xml:1:1: error: Illegal XML character: 0x0
org.apache.xmlbeans.impl.piccolo.io.IllegalCharException: Illegal XML character: 0x0
	at org.apache.xmlbeans.impl.piccolo.xml.UTF8XMLDecoder.decode(UTF8XMLDecoder.java:196)
	at org.apache.xmlbeans.impl.piccolo.xml.XMLStreamReader$FastStreamDecoder.read(XMLStreamReader.java:762)
	at org.apache.xmlbeans.impl.piccolo.xml.XMLStreamReader.read(XMLStreamReader.java:162)
	at org.apache.xmlbeans.impl.piccolo.xml.PiccoloLexer.yy_refill(PiccoloLexer.java:3474)
	at org.apache.xmlbeans.impl.piccolo.xml.PiccoloLexer.yylex(PiccoloLexer.java:3958)
	at org.apache.xmlbeans.impl.piccolo.xml.Piccolo.yylex(Piccolo.java:1290)
	at org.apache.xmlbeans.impl.piccolo.xml.Piccolo.yyparse(Piccolo.java:1400)
	at org.apache.xmlbeans.impl.piccolo.xml.Piccolo.parse(Piccolo.java:714)
	at org.apache.xmlbeans.impl.store.Locale$SaxLoader.load(Locale.java:3454)
	at org.apache.xmlbeans.impl.store.Locale.parseToXmlObject(Locale.java:1276)
	at org.apache.xmlbeans.impl.store.Locale.parseToXmlObject(Locale.java:1263)
	at org.apache.xmlbeans.impl.schema.SchemaTypeLoaderBase.parse(SchemaTypeLoaderBase.java:345)
	at org.apache.xmlbeans.impl.schema.SchemaTypeLoaderBase.parse(SchemaTypeLoaderBase.java:252)
	at com.eviware.soapui.config.SoapuiWorkspaceDocumentConfig$Factory.parse(Unknown Source)
	at com.eviware.soapui.impl.WorkspaceImpl.loadWorkspace(WorkspaceImpl.java:153)
	at com.eviware.soapui.impl.WorkspaceImpl.<init>(WorkspaceImpl.java:87)
	at com.eviware.soapui.impl.WorkspaceFactoryImpl.openWorkspace(WorkspaceFactoryImpl.java:32)
	at com.eviware.soapui.intellij.plugin.SoapUIPlugin.initWorkspace(SoapUIPlugin.java:183)
	at com.eviware.soapui.intellij.plugin.SoapUIPlugin.initComponent(SoapUIPlugin.java:161)
	at com.intellij.openapi.components.impl.ComponentManagerImpl$ComponentConfigComponentAdapter.getComponentInstance(ComponentManagerImpl.java:485)
	at com.intellij.openapi.components.impl.ComponentManagerImpl.createComponents(ComponentManagerImpl.java:104)
	at com.intellij.openapi.components.impl.ComponentManagerImpl.init(ComponentManagerImpl.java:88)
	at com.intellij.openapi.project.impl.ProjectImpl.init(ProjectImpl.java:264)
	at com.intellij.openapi.project.impl.ProjectManagerImpl.initProject(ProjectManagerImpl.java:285)
	at com.intellij.openapi.project.impl.ProjectManagerImpl.loadProjectWithProgress(ProjectManagerImpl.java:549)
	at com.intellij.openapi.project.impl.ProjectManagerImpl.access$200(ProjectManagerImpl.java:60)
	at com.intellij.openapi.project.impl.ProjectManagerImpl$2.compute(ProjectManagerImpl.java:495)
	at com.intellij.openapi.project.impl.ProjectManagerImpl$2.compute(ProjectManagerImpl.java:492)
	at com.intellij.openapi.progress.Task$WithResult.run(Task.java:320)
	at com.intellij.openapi.progress.impl.CoreProgressManager$TaskRunnable.run(CoreProgressManager.java:727)
	at com.intellij.openapi.progress.impl.CoreProgressManager$5.run(CoreProgressManager.java:442)
	at com.intellij.openapi.progress.impl.CoreProgressManager.lambda$runProcess$2(CoreProgressManager.java:164)
	at com.intellij.openapi.progress.impl.CoreProgressManager.registerIndicatorAndRun(CoreProgressManager.java:582)
	at com.intellij.openapi.progress.impl.CoreProgressManager.executeProcessUnderProgress(CoreProgressManager.java:532)
	at com.intellij.openapi.progress.impl.ProgressManagerImpl.executeProcessUnderProgress(ProgressManagerImpl.java:87)
	at com.intellij.openapi.progress.impl.CoreProgressManager.runProcess(CoreProgressManager.java:151)
	at com.intellij.openapi.application.impl.ApplicationImpl.lambda$null$10(ApplicationImpl.java:592)
	at com.intellij.openapi.application.impl.ApplicationImpl$1.run(ApplicationImpl.java:314)
	at java.util.concurrent.Executors$RunnableAdapter.call(Executors.java:511)
	at java.util.concurrent.FutureTask.run(FutureTask.java:266)
	at java.util.concurrent.ThreadPoolExecutor.runWorker(ThreadPoolExecutor.java:1142)
	at java.util.concurrent.ThreadPoolExecutor$Worker.run(ThreadPoolExecutor.java:617)
	at java.lang.Thread.run(Thread.java:745)

	at com.eviware.soapui.impl.WorkspaceFactoryImpl.openWorkspace(WorkspaceFactoryImpl.java:36)
	at com.eviware.soapui.intellij.plugin.SoapUIPlugin.initWorkspace(SoapUIPlugin.java:183)
	at com.eviware.soapui.intellij.plugin.SoapUIPlugin.initComponent(SoapUIPlugin.java:161)
	at com.intellij.openapi.components.impl.ComponentManagerImpl$ComponentConfigComponentAdapter.getComponentInstance(ComponentManagerImpl.java:485)
	at com.intellij.openapi.components.impl.ComponentManagerImpl.createComponents(ComponentManagerImpl.java:104)
	at com.intellij.openapi.components.impl.ComponentManagerImpl.init(ComponentManagerImpl.java:88)
	at com.intellij.openapi.project.impl.ProjectImpl.init(ProjectImpl.java:264)
	at com.intellij.openapi.project.impl.ProjectManagerImpl.initProject(ProjectManagerImpl.java:285)
	at com.intellij.openapi.project.impl.ProjectManagerImpl.loadProjectWithProgress(ProjectManagerImpl.java:549)
	at com.intellij.openapi.project.impl.ProjectManagerImpl.access$200(ProjectManagerImpl.java:60)
	at com.intellij.openapi.project.impl.ProjectManagerImpl$2.compute(ProjectManagerImpl.java:495)
	at com.intellij.openapi.project.impl.ProjectManagerImpl$2.compute(ProjectManagerImpl.java:492)
	at com.intellij.openapi.progress.Task$WithResult.run(Task.java:320)
	at com.intellij.openapi.progress.impl.CoreProgressManager$TaskRunnable.run(CoreProgressManager.java:727)
	at com.intellij.openapi.progress.impl.CoreProgressManager$5.run(CoreProgressManager.java:442)
	at com.intellij.openapi.progress.impl.CoreProgressManager.lambda$runProcess$2(CoreProgressManager.java:164)
	at com.intellij.openapi.progress.impl.CoreProgressManager.registerIndicatorAndRun(CoreProgressManager.java:582)
	at com.intellij.openapi.progress.impl.CoreProgressManager.executeProcessUnderProgress(CoreProgressManager.java:532)
	at com.intellij.openapi.progress.impl.ProgressManagerImpl.executeProcessUnderProgress(ProgressManagerImpl.java:87)
	at com.intellij.openapi.progress.impl.CoreProgressManager.runProcess(CoreProgressManager.java:151)
	at com.intellij.openapi.application.impl.ApplicationImpl.lambda$null$10(ApplicationImpl.java:592)
	at com.intellij.openapi.application.impl.ApplicationImpl$1.run(ApplicationImpl.java:314)
	at java.util.concurrent.Executors$RunnableAdapter.call(Executors.java:511)
	at java.util.concurrent.FutureTask.run(FutureTask.java:266)
	at java.util.concurrent.ThreadPoolExecutor.runWorker(ThreadPoolExecutor.java:1142)
	at java.util.concurrent.ThreadPoolExecutor$Worker.run(ThreadPoolExecutor.java:617)
	at java.lang.Thread.run(Thread.java:745)
Caused by: org.apache.xmlbeans.XmlException: C:\Users\user\intellij-soapui-workspace.xml:1:1: error: Illegal XML character: 0x0
org.apache.xmlbeans.impl.piccolo.io.IllegalCharException: Illegal XML character: 0x0
	at org.apache.xmlbeans.impl.piccolo.xml.UTF8XMLDecoder.decode(UTF8XMLDecoder.java:196)
	at org.apache.xmlbeans.impl.piccolo.xml.XMLStreamReader$FastStreamDecoder.read(XMLStreamReader.java:762)
	at org.apache.xmlbeans.impl.piccolo.xml.XMLStreamReader.read(XMLStreamReader.java:162)
	at org.apache.xmlbeans.impl.piccolo.xml.PiccoloLexer.yy_refill(PiccoloLexer.java:3474)
	at org.apache.xmlbeans.impl.piccolo.xml.PiccoloLexer.yylex(PiccoloLexer.java:3958)
	at org.apache.xmlbeans.impl.piccolo.xml.Piccolo.yylex(Piccolo.java:1290)
	at org.apache.xmlbeans.impl.piccolo.xml.Piccolo.yyparse(Piccolo.java:1400)
	at org.apache.xmlbeans.impl.piccolo.xml.Piccolo.parse(Piccolo.java:714)
	at org.apache.xmlbeans.impl.store.Locale$SaxLoader.load(Locale.java:3454)
	at org.apache.xmlbeans.impl.store.Locale.parseToXmlObject(Locale.java:1276)
	at org.apache.xmlbeans.impl.store.Locale.parseToXmlObject(Locale.java:1263)
	at org.apache.xmlbeans.impl.schema.SchemaTypeLoaderBase.parse(SchemaTypeLoaderBase.java:345)
	at org.apache.xmlbeans.impl.schema.SchemaTypeLoaderBase.parse(SchemaTypeLoaderBase.java:252)
	at com.eviware.soapui.config.SoapuiWorkspaceDocumentConfig$Factory.parse(Unknown Source)
	at com.eviware.soapui.impl.WorkspaceImpl.loadWorkspace(WorkspaceImpl.java:153)
	at com.eviware.soapui.impl.WorkspaceImpl.<init>(WorkspaceImpl.java:87)
	at com.eviware.soapui.impl.WorkspaceFactoryImpl.openWorkspace(WorkspaceFactoryImpl.java:32)
	at com.eviware.soapui.intellij.plugin.SoapUIPlugin.initWorkspace(SoapUIPlugin.java:183)
	at com.eviware.soapui.intellij.plugin.SoapUIPlugin.initComponent(SoapUIPlugin.java:161)
	at com.intellij.openapi.components.impl.ComponentManagerImpl$ComponentConfigComponentAdapter.getComponentInstance(ComponentManagerImpl.java:485)
	at com.intellij.openapi.components.impl.ComponentManagerImpl.createComponents(ComponentManagerImpl.java:104)
	at com.intellij.openapi.components.impl.ComponentManagerImpl.init(ComponentManagerImpl.java:88)
	at com.intellij.openapi.project.impl.ProjectImpl.init(ProjectImpl.java:264)
	at com.intellij.openapi.project.impl.ProjectManagerImpl.initProject(ProjectManagerImpl.java:285)
	at com.intellij.openapi.project.impl.ProjectManagerImpl.loadProjectWithProgress(ProjectManagerImpl.java:549)
	at com.intellij.openapi.project.impl.ProjectManagerImpl.access$200(ProjectManagerImpl.java:60)
	at com.intellij.openapi.project.impl.ProjectManagerImpl$2.compute(ProjectManagerImpl.java:495)
	at com.intellij.openapi.project.impl.ProjectManagerImpl$2.compute(ProjectManagerImpl.java:492)
	at com.intellij.openapi.progress.Task$WithResult.run(Task.java:320)
	at com.intellij.openapi.progress.impl.CoreProgressManager$TaskRunnable.run(CoreProgressManager.java:727)
	at com.intellij.openapi.progress.impl.CoreProgressManager$5.run(CoreProgressManager.java:442)
	at com.intellij.openapi.progress.impl.CoreProgressManager.lambda$runProcess$2(CoreProgressManager.java:164)
	at com.intellij.openapi.progress.impl.CoreProgressManager.registerIndicatorAndRun(CoreProgressManager.java:582)
	at com.intellij.openapi.progress.impl.CoreProgressManager.executeProcessUnderProgress(CoreProgressManager.java:532)
	at com.intellij.openapi.progress.impl.ProgressManagerImpl.executeProcessUnderProgress(ProgressManagerImpl.java:87)
	at com.intellij.openapi.progress.impl.CoreProgressManager.runProcess(CoreProgressManager.java:151)
	at com.intellij.openapi.application.impl.ApplicationImpl.lambda$null$10(ApplicationImpl.java:592)
	at com.intellij.openapi.application.impl.ApplicationImpl$1.run(ApplicationImpl.java:314)
	at java.util.concurrent.Executors$RunnableAdapter.call(Executors.java:511)
	at java.util.concurrent.FutureTask.run(FutureTask.java:266)
	at java.util.concurrent.ThreadPoolExecutor.runWorker(ThreadPoolExecutor.java:1142)
	at java.util.concurrent.ThreadPoolExecutor$Worker.run(ThreadPoolExecutor.java:617)
	at java.lang.Thread.run(Thread.java:745)

	at org.apache.xmlbeans.impl.store.Locale$SaxLoader.load(Locale.java:3486)
	at org.apache.xmlbeans.impl.store.Locale.parseToXmlObject(Locale.java:1276)
	at org.apache.xmlbeans.impl.store.Locale.parseToXmlObject(Locale.java:1263)
	at org.apache.xmlbeans.impl.schema.SchemaTypeLoaderBase.parse(SchemaTypeLoaderBase.java:345)
	at org.apache.xmlbeans.impl.schema.SchemaTypeLoaderBase.parse(SchemaTypeLoaderBase.java:252)
	at com.eviware.soapui.config.SoapuiWorkspaceDocumentConfig$Factory.parse(Unknown Source)
	at com.eviware.soapui.impl.WorkspaceImpl.loadWorkspace(WorkspaceImpl.java:153)
	at com.eviware.soapui.impl.WorkspaceImpl.<init>(WorkspaceImpl.java:87)
	at com.eviware.soapui.impl.WorkspaceFactoryImpl.openWorkspace(WorkspaceFactoryImpl.java:32)
	... 26 more
Caused by: org.xml.sax.SAXParseException; systemId: file:; lineNumber: 1; columnNumber: 1; Illegal XML character: 0x0
org.apache.xmlbeans.impl.piccolo.io.IllegalCharException: Illegal XML character: 0x0
	at org.apache.xmlbeans.impl.piccolo.xml.UTF8XMLDecoder.decode(UTF8XMLDecoder.java:196)
	at org.apache.xmlbeans.impl.piccolo.xml.XMLStreamReader$FastStreamDecoder.read(XMLStreamReader.java:762)
	at org.apache.xmlbeans.impl.piccolo.xml.XMLStreamReader.read(XMLStreamReader.java:162)
	at org.apache.xmlbeans.impl.piccolo.xml.PiccoloLexer.yy_refill(PiccoloLexer.java:3474)
	at org.apache.xmlbeans.impl.piccolo.xml.PiccoloLexer.yylex(PiccoloLexer.java:3958)
	at org.apache.xmlbeans.impl.piccolo.xml.Piccolo.yylex(Piccolo.java:1290)
	at org.apache.xmlbeans.impl.piccolo.xml.Piccolo.yyparse(Piccolo.java:1400)
	at org.apache.xmlbeans.impl.piccolo.xml.Piccolo.parse(Piccolo.java:714)
	at org.apache.xmlbeans.impl.store.Locale$SaxLoader.load(Locale.java:3454)
	at org.apache.xmlbeans.impl.store.Locale.parseToXmlObject(Locale.java:1276)
	at org.apache.xmlbeans.impl.store.Locale.parseToXmlObject(Locale.java:1263)
	at org.apache.xmlbeans.impl.schema.SchemaTypeLoaderBase.parse(SchemaTypeLoaderBase.java:345)
	at org.apache.xmlbeans.impl.schema.SchemaTypeLoaderBase.parse(SchemaTypeLoaderBase.java:252)
	at com.eviware.soapui.config.SoapuiWorkspaceDocumentConfig$Factory.parse(Unknown Source)
	at com.eviware.soapui.impl.WorkspaceImpl.loadWorkspace(WorkspaceImpl.java:153)
	at com.eviware.soapui.impl.WorkspaceImpl.<init>(WorkspaceImpl.java:87)
	at com.eviware.soapui.impl.WorkspaceFactoryImpl.openWorkspace(WorkspaceFactoryImpl.java:32)
	at com.eviware.soapui.intellij.plugin.SoapUIPlugin.initWorkspace(SoapUIPlugin.java:183)
	at com.eviware.soapui.intellij.plugin.SoapUIPlugin.initComponent(SoapUIPlugin.java:161)
	at com.intellij.openapi.components.impl.ComponentManagerImpl$ComponentConfigComponentAdapter.getComponentInstance(ComponentManagerImpl.java:485)
	at com.intellij.openapi.components.impl.ComponentManagerImpl.createComponents(ComponentManagerImpl.java:104)
	at com.intellij.openapi.components.impl.ComponentManagerImpl.init(ComponentManagerImpl.java:88)
	at com.intellij.openapi.project.impl.ProjectImpl.init(ProjectImpl.java:264)
	at com.intellij.openapi.project.impl.ProjectManagerImpl.initProject(ProjectManagerImpl.java:285)
	at com.intellij.openapi.project.impl.ProjectManagerImpl.loadProjectWithProgress(ProjectManagerImpl.java:549)
	at com.intellij.openapi.project.impl.ProjectManagerImpl.access$200(ProjectManagerImpl.java:60)
	at com.intellij.openapi.project.impl.ProjectManagerImpl$2.compute(ProjectManagerImpl.java:495)
	at com.intellij.openapi.project.impl.ProjectManagerImpl$2.compute(ProjectManagerImpl.java:492)
	at com.intellij.openapi.progress.Task$WithResult.run(Task.java:320)
	at com.intellij.openapi.progress.impl.CoreProgressManager$TaskRunnable.run(CoreProgressManager.java:727)
	at com.intellij.openapi.progress.impl.CoreProgressManager$5.run(CoreProgressManager.java:442)
	at com.intellij.openapi.progress.impl.CoreProgressManager.lambda$runProcess$2(CoreProgressManager.java:164)
	at com.intellij.openapi.progress.impl.CoreProgressManager.registerIndicatorAndRun(CoreProgressManager.java:582)
	at com.intellij.openapi.progress.impl.CoreProgressManager.executeProcessUnderProgress(CoreProgressManager.java:532)
	at com.intellij.openapi.progress.impl.ProgressManagerImpl.executeProcessUnderProgress(ProgressManagerImpl.java:87)
	at com.intellij.openapi.progress.impl.CoreProgressManager.runProcess(CoreProgressManager.java:151)
	at com.intellij.openapi.application.impl.ApplicationImpl.lambda$null$10(ApplicationImpl.java:592)
	at com.intellij.openapi.application.impl.ApplicationImpl$1.run(ApplicationImpl.java:314)
	at java.util.concurrent.Executors$RunnableAdapter.call(Executors.java:511)
	at java.util.concurrent.FutureTask.run(FutureTask.java:266)
	at java.util.concurrent.ThreadPoolExecutor.runWorker(ThreadPoolExecutor.java:1142)
	at java.util.concurrent.ThreadPoolExecutor$Worker.run(ThreadPoolExecutor.java:617)
	at java.lang.Thread.run(Thread.java:745)

	at org.apache.xmlbeans.impl.piccolo.xml.Piccolo.reportFatalError(Piccolo.java:1038)
	at org.apache.xmlbeans.impl.piccolo.xml.Piccolo.parse(Piccolo.java:717)
	at org.apache.xmlbeans.impl.store.Locale$SaxLoader.load(Locale.java:3454)
	... 34 more
Caused by: org.apache.xmlbeans.impl.piccolo.io.IllegalCharException: Illegal XML character: 0x0
	at org.apache.xmlbeans.impl.piccolo.xml.UTF8XMLDecoder.decode(UTF8XMLDecoder.java:196)
	at org.apache.xmlbeans.impl.piccolo.xml.XMLStreamReader$FastStreamDecoder.read(XMLStreamReader.java:762)
	at org.apache.xmlbeans.impl.piccolo.xml.XMLStreamReader.read(XMLStreamReader.java:162)
	at org.apache.xmlbeans.impl.piccolo.xml.PiccoloLexer.yy_refill(PiccoloLexer.java:3474)
	at org.apache.xmlbeans.impl.piccolo.xml.PiccoloLexer.yylex(PiccoloLexer.java:3958)
	at org.apache.xmlbeans.impl.piccolo.xml.Piccolo.yylex(Piccolo.java:1290)
	at org.apache.xmlbeans.impl.piccolo.xml.Piccolo.yyparse(Piccolo.java:1400)
	at org.apache.xmlbeans.impl.piccolo.xml.Piccolo.parse(Piccolo.java:714)
	... 35 more
